app/build/intermediates/manifest_merge_blame_file/debug/manifest-merger-blame-debug-report.txt
1<?xml version="1.0" encoding="utf-8"?>
2<manifest xmlns:android="http://schemas.android.com/apk/res/android"
3    package="com.example.soshicon"
4    android:versionCode="1"
5    android:versionName="1.0" >
6
7    <uses-sdk
8        android:minSdkVersion="23"
8-->src\main\AndroidManifest.xml
9        android:targetSdkVersion="31" />
9-->src\main\AndroidManifest.xml
10
11    <uses-permission android:name="android.permission.ACCESS_NETWORK_STATE" />
11-->src\main\AndroidManifest.xml:8:5-79
11-->src\main\AndroidManifest.xml:8:22-76
12    <uses-permission android:name="android.permission.INTERNET" />
12-->src\main\AndroidManifest.xml:9:5-67
12-->src\main\AndroidManifest.xml:9:22-64
13    <uses-permission android:name="android.permission.WRITE_EXTERNAL_STORAGE" />
13-->src\main\AndroidManifest.xml:10:5-81
13-->src\main\AndroidManifest.xml:10:22-78
14    <uses-permission android:name="android.permission.READ_EXTERNAL_STORAGE" />
14-->src\main\AndroidManifest.xml:11:5-80
14-->src\main\AndroidManifest.xml:11:22-77
15    <uses-permission android:name="android.permission.ACCESS_FINE_LOCATION" />
15-->src\main\AndroidManifest.xml:12:5-78
15-->src\main\AndroidManifest.xml:12:22-76
16    <uses-permission android:name="android.permission.ACCESS_COARSE_LOCATION" />
16-->src\main\AndroidManifest.xml:13:5-80
16-->src\main\AndroidManifest.xml:13:22-78
17
18    <queries>
18-->[com.github.dhaval2404:imagepicker:2.1] AndroidManifest.xml:9:5-19:15
19
20        <!-- Query Camera Packages -->
21        <intent>
21-->[com.github.dhaval2404:imagepicker:2.1] AndroidManifest.xml:12:9-14:18
22            <action android:name="android.media.action.IMAGE_CAPTURE" />
22-->[com.github.dhaval2404:imagepicker:2.1] AndroidManifest.xml:13:13-73
22-->[com.github.dhaval2404:imagepicker:2.1] AndroidManifest.xml:13:21-70
23        </intent>
24        <!-- Query Open Document -->
25        <intent>
25-->[com.github.dhaval2404:imagepicker:2.1] AndroidManifest.xml:16:9-18:18
26            <action android:name="android.intent.action.OPEN_DOCUMENT_TREE" />
26-->[com.github.dhaval2404:imagepicker:2.1] AndroidManifest.xml:17:13-79
26-->[com.github.dhaval2404:imagepicker:2.1] AndroidManifest.xml:17:21-76
27        </intent>
28    </queries>
29
30    <application
30-->src\main\AndroidManifest.xml:15:5-43:19
31        android:appComponentFactory="androidx.core.app.CoreComponentFactory"
31-->src\main\AndroidManifest.xml:16:9-77
32        android:debuggable="true"
33        android:extractNativeLibs="false"
34        android:icon="@mipmap/soshicon_foreground"
34-->src\main\AndroidManifest.xml:17:9-51
35        android:label="@string/app_name"
35-->src\main\AndroidManifest.xml:18:9-41
36        android:requestLegacyExternalStorage="true"
36-->src\main\AndroidManifest.xml:19:9-52
37        android:roundIcon="@mipmap/soshicon_foreground"
37-->src\main\AndroidManifest.xml:20:9-56
38        android:supportsRtl="true"
38-->src\main\AndroidManifest.xml:21:9-35
39        android:testOnly="true"
39-->src\main\AndroidManifest.xml:22:9-32
40        android:theme="@style/Theme.SoshiconJava"
40-->src\main\AndroidManifest.xml:23:9-50
41        android:usesCleartextTraffic="true" >
41-->src\main\AndroidManifest.xml:24:9-44
42        <uses-library
42-->src\main\AndroidManifest.xml:26:9-28:40
43            android:name="org.apache.http.legacy"
43-->src\main\AndroidManifest.xml:27:13-50
44            android:required="false" />
44-->src\main\AndroidManifest.xml:28:13-37
45
46        <activity
46-->src\main\AndroidManifest.xml:29:9-37:20
47            android:name="com.bulat.soshicon2.SplashActivity"
47-->src\main\AndroidManifest.xml:30:13-43
48            android:exported="true"
48-->src\main\AndroidManifest.xml:32:13-36
49            android:theme="@style/SplashTheme" >
49-->src\main\AndroidManifest.xml:31:13-47
50            <intent-filter>
50-->src\main\AndroidManifest.xml:33:13-36:29
51                <action android:name="android.intent.action.MAIN" />
51-->src\main\AndroidManifest.xml:34:17-69
51-->src\main\AndroidManifest.xml:34:25-66
52
53                <category android:name="android.intent.category.LAUNCHER" />
53-->src\main\AndroidManifest.xml:35:17-77
53-->src\main\AndroidManifest.xml:35:27-74
54            </intent-filter>
55        </activity>
56        <activity
56-->src\main\AndroidManifest.xml:38:9-42:20
57            android:name="com.bulat.soshicon2.MainActivity"
57-->src\main\AndroidManifest.xml:39:13-41
58            android:exported="true"
58-->src\main\AndroidManifest.xml:40:13-36
59            android:label="@string/app_name" >
59-->src\main\AndroidManifest.xml:41:13-45
60        </activity>
61        <activity
61-->[com.github.dhaval2404:imagepicker:2.1] AndroidManifest.xml:22:9-25:68
62            android:name="com.github.dhaval2404.imagepicker.ImagePickerActivity"
62-->[com.github.dhaval2404:imagepicker:2.1] AndroidManifest.xml:23:13-81
63            android:screenOrientation="unspecified"
63-->[com.github.dhaval2404:imagepicker:2.1] AndroidManifest.xml:24:13-52
64            android:theme="@style/Theme.Transparent.ImagePicker" />
64-->[com.github.dhaval2404:imagepicker:2.1] AndroidManifest.xml:25:13-65
65        <activity
65-->[com.github.dhaval2404:imagepicker:2.1] AndroidManifest.xml:26:9-29:72
66            android:name="com.yalantis.ucrop.UCropActivity"
66-->[com.github.dhaval2404:imagepicker:2.1] AndroidManifest.xml:27:13-60
67            android:screenOrientation="portrait"
67-->[com.github.dhaval2404:imagepicker:2.1] AndroidManifest.xml:28:13-49
68            android:theme="@style/Theme.AppCompat.Light.NoActionBar" />
68-->[com.github.dhaval2404:imagepicker:2.1] AndroidManifest.xml:29:13-69
69
70        <provider
70-->[com.github.dhaval2404:imagepicker:2.1] AndroidManifest.xml:31:9-39:20
71            android:name="com.github.dhaval2404.imagepicker.ImagePickerFileProvider"
71-->[com.github.dhaval2404:imagepicker:2.1] AndroidManifest.xml:32:13-85
72            android:authorities="com.example.soshicon.imagepicker.provider"
72-->[com.github.dhaval2404:imagepicker:2.1] AndroidManifest.xml:33:13-72
73            android:exported="false"
73-->[com.github.dhaval2404:imagepicker:2.1] AndroidManifest.xml:34:13-37
74            android:grantUriPermissions="true" >
74-->[com.github.dhaval2404:imagepicker:2.1] AndroidManifest.xml:35:13-47
75            <meta-data
75-->[com.github.dhaval2404:imagepicker:2.1] AndroidManifest.xml:36:13-38:71
76                android:name="android.support.FILE_PROVIDER_PATHS"
76-->[com.github.dhaval2404:imagepicker:2.1] AndroidManifest.xml:37:17-67
77                android:resource="@xml/image_picker_provider_paths" />
77-->[com.github.dhaval2404:imagepicker:2.1] AndroidManifest.xml:38:17-68
78        </provider>
79
80        <service
80-->[com.parse:parse-android:1.16.3] AndroidManifest.xml:23:9-26:72
81            android:name="com.parse.PushServiceApi26"
81-->[com.parse:parse-android:1.16.3] AndroidManifest.xml:24:13-54
82            android:exported="true"
82-->[com.parse:parse-android:1.16.3] AndroidManifest.xml:25:13-36
83            android:permission="android.permission.BIND_JOB_SERVICE" />
83-->[com.parse:parse-android:1.16.3] AndroidManifest.xml:26:13-69
84
85        <activity
85-->[com.google.android.gms:play-services-base:17.0.0] AndroidManifest.xml:23:9-26:75
86            android:name="com.google.android.gms.common.api.GoogleApiActivity"
86-->[com.google.android.gms:play-services-base:17.0.0] AndroidManifest.xml:24:13-79
87            android:exported="false"
87-->[com.google.android.gms:play-services-base:17.0.0] AndroidManifest.xml:25:13-37
88            android:theme="@android:style/Theme.Translucent.NoTitleBar" />
88-->[com.google.android.gms:play-services-base:17.0.0] AndroidManifest.xml:26:13-72
89
90        <meta-data
90-->[com.google.android.gms:play-services-basement:17.0.0] AndroidManifest.xml:23:9-25:69
91            android:name="com.google.android.gms.version"
91-->[com.google.android.gms:play-services-basement:17.0.0] AndroidManifest.xml:24:13-58
92            android:value="@integer/google_play_services_version" />
92-->[com.google.android.gms:play-services-basement:17.0.0] AndroidManifest.xml:25:13-66
93
94        <provider
94-->[androidx.emoji2:emoji2:1.0.0] AndroidManifest.xml:26:9-34:20
95            android:name="androidx.startup.InitializationProvider"
95-->[androidx.emoji2:emoji2:1.0.0] AndroidManifest.xml:27:13-67
96            android:authorities="com.example.soshicon.androidx-startup"
96-->[androidx.emoji2:emoji2:1.0.0] AndroidManifest.xml:28:13-68
97            android:exported="false" >
97-->[androidx.emoji2:emoji2:1.0.0] AndroidManifest.xml:29:13-37
98            <meta-data
98-->[androidx.emoji2:emoji2:1.0.0] AndroidManifest.xml:31:13-33:52
99                android:name="androidx.emoji2.text.EmojiCompatInitializer"
99-->[androidx.emoji2:emoji2:1.0.0] AndroidManifest.xml:32:17-75
100                android:value="androidx.startup" />
100-->[androidx.emoji2:emoji2:1.0.0] AndroidManifest.xml:33:17-49
101            <meta-data
101-->[androidx.lifecycle:lifecycle-process:2.4.0] AndroidManifest.xml:31:13-33:52
102                android:name="androidx.lifecycle.ProcessLifecycleInitializer"
102-->[androidx.lifecycle:lifecycle-process:2.4.0] AndroidManifest.xml:32:17-78
103                android:value="androidx.startup" />
103-->[androidx.lifecycle:lifecycle-process:2.4.0] AndroidManifest.xml:33:17-49
104        </provider>
105
106        <uses-library
106-->[androidx.window:window:1.0.0] AndroidManifest.xml:25:9-27:40
107            android:name="androidx.window.extensions"
107-->[androidx.window:window:1.0.0] AndroidManifest.xml:26:13-54
108            android:required="false" />
108-->[androidx.window:window:1.0.0] AndroidManifest.xml:27:13-37
109        <uses-library
109-->[androidx.window:window:1.0.0] AndroidManifest.xml:28:9-30:40
110            android:name="androidx.window.sidecar"
110-->[androidx.window:window:1.0.0] AndroidManifest.xml:29:13-51
111            android:required="false" />
111-->[androidx.window:window:1.0.0] AndroidManifest.xml:30:13-37
112    </application>
113
114</manifest>